<?xml version="1.0" encoding="UTF-8"?>
<!-- Generated by org.testng.reporters.JUnitReportReporter -->
<testsuite hostname="LAPTOP-SABMBR64" failures="0" tests="1" name="Rest.Action.Page" time="14.821" errors="0" timestamp="2021-02-04T10:57:11 IST" skipped="0">
  <testcase classname="Rest.Action.Page" name="m1" time="14.821"/>
  <system-out/>
</testsuite> <!-- Rest.Action.Page -->
