<?xml version="1.0" encoding="UTF-8"?>
<!-- Generated by org.testng.reporters.JUnitReportReporter -->
<testsuite hostname="LAPTOP-SABMBR64" failures="0" tests="1" name="Rest.Action.Scrolling" time="9.659" errors="0" timestamp="2021-02-05T00:03:28 IST" skipped="0">
  <testcase classname="Rest.Action.Scrolling" name="a1" time="9.659"/>
  <system-out/>
</testsuite> <!-- Rest.Action.Scrolling -->
