<?xml version="1.0" encoding="UTF-8"?>
<!-- Generated by org.testng.reporters.JUnitReportReporter -->
<testsuite hostname="LAPTOP-SABMBR64" failures="0" tests="3" name="Rest.Action.Asw" time="28.566" errors="0" timestamp="2021-02-04T13:05:42 IST" skipped="0">
  <testcase classname="Rest.Action.Asw" name="erp" time="9.180"/>
  <system-out/>
  <testcase classname="Rest.Action.Asw" name="erp" time="8.948"/>
  <system-out/>
  <testcase classname="Rest.Action.Asw" name="erp" time="10.438"/>
  <system-out/>
</testsuite> <!-- Rest.Action.Asw -->
