<?xml version="1.0" encoding="UTF-8"?>
<!-- Generated by org.testng.reporters.JUnitReportReporter -->
<testsuite hostname="LAPTOP-SABMBR64" failures="0" tests="1" name="Rest.Action.MyntraPagination" time="12.498" errors="0" timestamp="2021-02-04T19:12:24 IST" skipped="0">
  <testcase classname="Rest.Action.MyntraPagination" name="a1" time="12.498"/>
  <system-out/>
</testsuite> <!-- Rest.Action.MyntraPagination -->
