<?xml version="1.0" encoding="UTF-8"?>
<!-- Generated by org.testng.reporters.JUnitReportReporter -->
<testsuite hostname="LAPTOP-SABMBR64" failures="0" tests="1" name="Rest.Action.Tab" time="7.262" errors="0" timestamp="2021-02-09T20:54:22 IST" skipped="0">
  <testcase classname="Rest.Action.Tab" name="fgh" time="7.262"/>
  <system-out/>
</testsuite> <!-- Rest.Action.Tab -->
