<?xml version="1.0" encoding="UTF-8"?>
<!-- Generated by org.testng.reporters.JUnitReportReporter -->
<testsuite hostname="LAPTOP-SABMBR64" failures="0" tests="2" name="Rest.Action.Act1" time="0.003" errors="0" timestamp="2021-02-06T20:11:23 IST" skipped="0">
  <testcase classname="Rest.Action.Act1" name="d" time="0.000"/>
  <system-out/>
  <testcase classname="Rest.Action.Act1" name="a" time="0.003"/>
  <system-out/>
</testsuite> <!-- Rest.Action.Act1 -->
