<?xml version="1.0" encoding="UTF-8"?>
<!-- Generated by org.testng.reporters.JUnitReportReporter -->
<testsuite hostname="LAPTOP-SABMBR64" failures="0" tests="1" name="Rest.Action.AdidasPagination" time="15.016" errors="0" timestamp="2021-02-04T19:32:06 IST" skipped="0">
  <testcase classname="Rest.Action.AdidasPagination" name="a1" time="15.016"/>
  <system-out/>
</testsuite> <!-- Rest.Action.AdidasPagination -->
