<?xml version="1.0" encoding="UTF-8"?>
<!-- Generated by org.testng.reporters.JUnitReportReporter -->
<testsuite hostname="LAPTOP-SABMBR64" failures="0" tests="1" name="Rest.Action.Dimen" time="8.865" errors="0" timestamp="2021-02-07T05:26:08 IST" skipped="0">
  <testcase classname="Rest.Action.Dimen" name="a1" time="8.865"/>
  <system-out/>
</testsuite> <!-- Rest.Action.Dimen -->
