<?xml version="1.0" encoding="UTF-8"?>
<!-- Generated by org.testng.reporters.JUnitReportReporter -->
<testsuite hostname="LAPTOP-SABMBR64" failures="0" tests="1" name="Rest.Action.Addidas" time="21.131" errors="0" timestamp="2021-02-04T18:23:17 IST" skipped="0">
  <testcase classname="Rest.Action.Addidas" name="a1" time="21.131"/>
  <system-out/>
</testsuite> <!-- Rest.Action.Addidas -->
