<?xml version="1.0" encoding="UTF-8"?>
<!-- Generated by org.testng.reporters.JUnitReportReporter -->
<testsuite hostname="LAPTOP-SABMBR64" failures="0" tests="1" name="Rest.Action.Calender" time="13.454" errors="0" timestamp="2021-02-04T12:27:09 IST" skipped="0">
  <testcase classname="Rest.Action.Calender" name="m1" time="13.454"/>
  <system-out/>
</testsuite> <!-- Rest.Action.Calender -->
